<?xml version="1.0" encoding="UTF-8"?>
<TestRun id="0ae9b15a-e2db-4661-a4ea-b79c15ac4ff1" name="alexis@ZEUS 2011-05-12 22:12:59" runUser="zeus\alexis" xmlns="http://microsoft.com/schemas/VisualStudio/TeamTest/2010">
  <TestSettings name="Local" id="df49efb3-0615-4490-90fb-061a07514b08">
    <Description>These are default test settings for a local test run.</Description>
    <Deployment enabled="false" runDeploymentRoot="alexis_ZEUS 2011-05-12 22_12_59" />
    <Execution>
      <TestTypeSpecific />
      <AgentRule name="Execution Agents">
      </AgentRule>
    </Execution>
  </TestSettings>
  <Times creation="2011-05-12T22:12:59.5519530-03:00" queuing="2011-05-12T22:13:09.2095054-03:00" start="2011-05-12T22:13:09.6295294-03:00" finish="2011-05-12T22:13:27.0255244-03:00" />
  <ResultSummary outcome="Error">
    <Counters total="1" executed="1" error="0" failed="0" timeout="0" aborted="1" inconclusive="0" passedButRunAborted="0" notRunnable="0" notExecuted="0" disconnected="0" warning="0" passed="0" completed="0" inProgress="0" pending="0" />
    <RunInfos>
      <RunInfo computerName="ZEUS" outcome="Error" timestamp="2011-05-12T22:13:27.0045232-03:00">
        <Text>Test host process exited unexpectedly.</Text>
      </RunInfo>
    </RunInfos>
  </ResultSummary>
  <TestDefinitions>
    <UnitTest name="TestMethod1" storage="e:\projeto\c#\dum mobile\testproject1\bin\debug\testproject1.dll" id="59863143-3238-122e-4d8a-637b491cc755">
      <Execution id="4c6ab88a-c1e7-4d54-8df3-f1fd9fde64e9" />
      <TestMethod codeBase="E:/PROJETO/C#/Dum Mobile/TestProject1/bin/Debug/TestProject1.DLL" adapterTypeName="Microsoft.VisualStudio.TestTools.TestTypes.Unit.UnitTestAdapter, Microsoft.VisualStudio.QualityTools.Tips.UnitTest.Adapter, Version=10.0.0.0, Culture=neutral, PublicKeyToken=b03f5f7f11d50a3a" className="TestProject1.UnitTest1, TestProject1, Version=1.0.0.0, Culture=neutral, PublicKeyToken=null" name="TestMethod1" />
    </UnitTest>
  </TestDefinitions>
  <TestLists>
    <TestList name="Results Not in a List" id="8c84fa94-04c1-424b-9868-57a2d4851a1d" />
    <TestList name="All Loaded Results" id="19431567-8539-422a-85d7-44ee4e166bda" />
  </TestLists>
  <TestEntries>
    <TestEntry testId="59863143-3238-122e-4d8a-637b491cc755" executionId="4c6ab88a-c1e7-4d54-8df3-f1fd9fde64e9" testListId="8c84fa94-04c1-424b-9868-57a2d4851a1d" />
  </TestEntries>
  <Results>
    <UnitTestResult executionId="4c6ab88a-c1e7-4d54-8df3-f1fd9fde64e9" testId="59863143-3238-122e-4d8a-637b491cc755" testName="TestMethod1" computerName="ZEUS" duration="00:00:17.1939834" startTime="2011-05-12T22:13:09.8315410-03:00" endTime="2011-05-12T22:13:27.0255244-03:00" testType="13cdc9d9-ddb5-4fa4-a97d-d965ccfc6d4b" outcome="Aborted" testListId="8c84fa94-04c1-424b-9868-57a2d4851a1d" relativeResultsDirectory="4c6ab88a-c1e7-4d54-8df3-f1fd9fde64e9">
    </UnitTestResult>
  </Results>
</TestRun>