<?xml version="1.0" encoding="UTF-8"?>
<TestRun id="2ebd7763-76bf-4bff-9e62-bf63b6628e19" name="alexis@ZEUS 2011-05-12 23:29:47" runUser="zeus\alexis" xmlns="http://microsoft.com/schemas/VisualStudio/TeamTest/2010">
  <TestSettings name="Local" id="df49efb3-0615-4490-90fb-061a07514b08">
    <Description>These are default test settings for a local test run.</Description>
    <Deployment userDeploymentRoot="E:\PROJETO\C#\Dum Mobile\TestResults" useDefaultDeploymentRoot="false" enabled="false" runDeploymentRoot="alexis_ZEUS 2011-05-12 23_29_47">
      <DeploymentItem filename="E:\PROJETO\C#\Test_Mobile\dll\System.Data.SqlServerCe.dll" />
      <DeploymentItem filename="E:\PROJETO\C#\Dum Mobile\Dum Mobile\bin\Debug\Dum Mobile.dll" />
    </Deployment>
    <Execution>
      <TestTypeSpecific />
      <AgentRule name="Execution Agents">
      </AgentRule>
    </Execution>
  </TestSettings>
  <Times creation="2011-05-12T23:29:47.4825116-03:00" queuing="2011-05-12T23:29:47.5665164-03:00" start="2011-05-12T23:29:47.6325201-03:00" finish="2011-05-12T23:29:47.9675393-03:00" />
  <ResultSummary outcome="Error">
    <Counters total="1" executed="1" error="1" failed="0" timeout="0" aborted="0" inconclusive="0" passedButRunAborted="0" notRunnable="0" notExecuted="0" disconnected="0" warning="0" passed="0" completed="0" inProgress="0" pending="0" />
  </ResultSummary>
  <TestDefinitions>
    <UnitTest name="TestMethod1" storage="e:\projeto\c#\dum mobile\testproject1\bin\debug\testproject1.dll" id="59863143-3238-122e-4d8a-637b491cc755">
      <Execution id="b81b0256-0915-46d0-af1e-ef19083b1d0b" />
      <TestMethod codeBase="E:/PROJETO/C#/Dum Mobile/TestProject1/bin/Debug/TestProject1.DLL" adapterTypeName="Microsoft.VisualStudio.TestTools.TestTypes.Unit.UnitTestAdapter, Microsoft.VisualStudio.QualityTools.Tips.UnitTest.Adapter, Version=10.0.0.0, Culture=neutral, PublicKeyToken=b03f5f7f11d50a3a" className="TestProject1.UnitTest1, TestProject1, Version=1.0.0.0, Culture=neutral, PublicKeyToken=null" name="TestMethod1" />
    </UnitTest>
  </TestDefinitions>
  <TestLists>
    <TestList name="Results Not in a List" id="8c84fa94-04c1-424b-9868-57a2d4851a1d" />
    <TestList name="All Loaded Results" id="19431567-8539-422a-85d7-44ee4e166bda" />
  </TestLists>
  <TestEntries>
    <TestEntry testId="59863143-3238-122e-4d8a-637b491cc755" executionId="b81b0256-0915-46d0-af1e-ef19083b1d0b" testListId="8c84fa94-04c1-424b-9868-57a2d4851a1d" />
  </TestEntries>
  <Results>
    <UnitTestResult executionId="b81b0256-0915-46d0-af1e-ef19083b1d0b" testId="59863143-3238-122e-4d8a-637b491cc755" testName="TestMethod1" computerName="ZEUS" startTime="2011-05-12T23:29:47.6845231-03:00" endTime="2011-05-12T23:29:47.9475382-03:00" testType="13cdc9d9-ddb5-4fa4-a97d-d965ccfc6d4b" testListId="8c84fa94-04c1-424b-9868-57a2d4851a1d" relativeResultsDirectory="b81b0256-0915-46d0-af1e-ef19083b1d0b">
      <Output>
        <ErrorInfo>
          <Message>Unit Test Adapter threw exception: 
The type initializer for 'Microsoft.VisualStudio.TestTools.Diagnostics.EqtTrace' threw an exception.
Configuration system failed to initialize
Unrecognized configuration section applicationSettings. (E:\PROJETO\C#\Dum Mobile\TestProject1\bin\Debug\TestProject1.DLL.config line 4).</Message>
        </ErrorInfo>
      </Output>
    </UnitTestResult>
  </Results>
</TestRun>