<?xml version="1.0" encoding="UTF-8"?>
<TestRun id="7853bf12-8474-47db-b8ea-ec4ee69ae8c9" name="alexis@ZEUS 2011-05-12 23:21:07" runUser="zeus\alexis" xmlns="http://microsoft.com/schemas/VisualStudio/TeamTest/2010">
  <TestSettings name="Local" id="df49efb3-0615-4490-90fb-061a07514b08">
    <Description>These are default test settings for a local test run.</Description>
    <Deployment enabled="false" runDeploymentRoot="alexis_ZEUS 2011-05-12 23_21_07">
      <DeploymentItem filename="E:\PROJETO\C#\Test_Mobile\dll\System.Data.SqlServerCe.dll" />
      <DeploymentItem filename="E:\PROJETO\C#\Dum Mobile\Dum Mobile\bin\Debug\Dum Mobile.dll" />
    </Deployment>
    <Execution>
      <TestTypeSpecific />
      <AgentRule name="Execution Agents">
      </AgentRule>
    </Execution>
  </TestSettings>
  <Times creation="2011-05-12T23:21:07.9447957-03:00" queuing="2011-05-12T23:21:10.6949530-03:00" start="2011-05-12T23:21:11.0649742-03:00" finish="2011-05-12T23:26:05.1087925-03:00" />
  <ResultSummary outcome="Failed">
    <Counters total="1" executed="1" error="0" failed="1" timeout="0" aborted="0" inconclusive="0" passedButRunAborted="0" notRunnable="0" notExecuted="0" disconnected="0" warning="0" passed="0" completed="0" inProgress="0" pending="0" />
  </ResultSummary>
  <TestDefinitions>
    <UnitTest name="TestMethod1" storage="e:\projeto\c#\dum mobile\testproject1\bin\debug\testproject1.dll" id="59863143-3238-122e-4d8a-637b491cc755">
      <Execution id="8d540ac7-d1f6-40a5-8e32-9aa166835e0c" />
      <TestMethod codeBase="E:/PROJETO/C#/Dum Mobile/TestProject1/bin/Debug/TestProject1.DLL" adapterTypeName="Microsoft.VisualStudio.TestTools.TestTypes.Unit.UnitTestAdapter, Microsoft.VisualStudio.QualityTools.Tips.UnitTest.Adapter, Version=10.0.0.0, Culture=neutral, PublicKeyToken=b03f5f7f11d50a3a" className="TestProject1.UnitTest1, TestProject1, Version=1.0.0.0, Culture=neutral, PublicKeyToken=null" name="TestMethod1" />
    </UnitTest>
  </TestDefinitions>
  <TestLists>
    <TestList name="Results Not in a List" id="8c84fa94-04c1-424b-9868-57a2d4851a1d" />
    <TestList name="All Loaded Results" id="19431567-8539-422a-85d7-44ee4e166bda" />
  </TestLists>
  <TestEntries>
    <TestEntry testId="59863143-3238-122e-4d8a-637b491cc755" executionId="8d540ac7-d1f6-40a5-8e32-9aa166835e0c" testListId="8c84fa94-04c1-424b-9868-57a2d4851a1d" />
  </TestEntries>
  <Results>
    <UnitTestResult executionId="8d540ac7-d1f6-40a5-8e32-9aa166835e0c" testId="59863143-3238-122e-4d8a-637b491cc755" testName="TestMethod1" computerName="ZEUS" duration="00:04:50.9529245" startTime="2011-05-12T23:21:11.3309894-03:00" endTime="2011-05-12T23:26:04.7377713-03:00" testType="13cdc9d9-ddb5-4fa4-a97d-d965ccfc6d4b" outcome="Failed" testListId="8c84fa94-04c1-424b-9868-57a2d4851a1d" relativeResultsDirectory="8d540ac7-d1f6-40a5-8e32-9aa166835e0c">
      <Output>
        <ErrorInfo>
          <Message>Test method TestProject1.UnitTest1.TestMethod1 threw exception: 
System.InvalidOperationException: The key 'Dum' does not exist in the appSettings configuration section.</Message>
          <StackTrace>    at System.Configuration.AppSettingsReader.GetValue(String key, Type type)
   at TestProject1.UnitTest1.TestMethod1() in E:\PROJETO\C#\Dum Mobile\TestProject1\UnitTest1.cs:line 17
</StackTrace>
        </ErrorInfo>
      </Output>
    </UnitTestResult>
  </Results>
</TestRun>